16:13:20.000000  [INFO    ][CWorldCell::init()]
16:13:20.000000  [WARNING ][init_cfg]warning:missed section:server_8
16:13:20.000000  [WARNING ][init_cfg]warning:missed section:server_9
16:13:20.000000  [WARNING ][init_cfg]warning:missed section:server_10
16:13:20.000000  [WARNING ][init_cfg]warning:missed section:server_11
16:13:20.000000  [WARNING ][init_cfg]warning:missed section:server_12
16:13:20.000000  [WARNING ][init_cfg]warning:missed section:server_13
16:13:20.000000  [WARNING ][init_cfg]warning:missed section:server_14
16:13:20.000000  [WARNING ][init_cfg]warning:missed section:server_15
16:13:20.000000  [WARNING ][init_cfg]warning:missed section:server_16
16:13:20.000000  [WARNING ][init_cfg]warning:missed section:server_17
16:13:20.000000  [WARNING ][init_cfg]warning:missed section:server_18
16:13:20.000000  [WARNING ][init_cfg]warning:missed section:server_19
16:13:20.000000  [WARNING ][init_cfg]warning:missed section:server_20
16:13:20.000000  [WARNING ][init_cfg]warning:missed section:server_21
16:13:20.000000  [WARNING ][init_cfg]warning:missed section:server_22
16:13:20.000000  [WARNING ][init_cfg]warning:missed section:server_23
16:13:20.000000  [WARNING ][init_cfg]warning:missed section:server_24
16:13:20.000000  [WARNING ][init_cfg]warning:missed section:server_25
16:13:20.000000  [WARNING ][init_cfg]warning:missed section:server_26
16:13:20.000000  [WARNING ][init_cfg]warning:missed section:server_27
16:13:20.000000  [WARNING ][init_cfg]warning:missed section:server_28
16:13:20.000000  [WARNING ][init_cfg]warning:missed section:server_29
16:13:20.000000  [DEBUG   ][CDefParser::init]==========
16:13:20.000000  [DEBUG   ][CDefParser::init]m_EntityDefMd5 = f7974f8bc907fde29df1e3e671ecca20
16:13:20.000000  [SCRIPT  ][INFO][add_all_lua_path]begin=====================================================
16:13:20.000000  [SCRIPT  ][INFO][package.path];E:\git_workspace\master_ahzs_server_win\bin\lua\?.lua;E:\git_workspace\master_ahzs_server_win\bin\lua\?\init.lua;E:\git_workspace\master_ahzs_server_win\bin\?.lua;E:\git_workspace\master_ahzs_server_win\bin\?\init.lua;.\?.lua;C:\Program Files (x86)\Lua\5.1\lua\?.luac;../scripts/cell/?.lua;../scripts/cell/?.luac
16:13:20.000000  [SCRIPT  ][INFO][package.path];E:\git_workspace\master_ahzs_server_win\bin\lua\?.lua;E:\git_workspace\master_ahzs_server_win\bin\lua\?\init.lua;E:\git_workspace\master_ahzs_server_win\bin\?.lua;E:\git_workspace\master_ahzs_server_win\bin\?\init.lua;.\?.lua;C:\Program Files (x86)\Lua\5.1\lua\?.luac;../scripts/cell/?.lua;../scripts/cell/?.luac;../scripts/common/?.lua;../scripts/common/?.luac;../scripts/common/data/?.lua;../scripts/common/data/?.luac;../scripts/cell/mgr/?.lua;../scripts/cell/mgr/?.luac;../scripts/cell/Skill/?.lua;../scripts/cell/Skill/?.luac;../scripts/ai/?.lua;../scripts/ai/?.luac;../scripts/cell/SpaceLoader/?.lua;../scripts/cell/SpaceLoader/?.luac;../scripts/lualibs/?.lua
16:13:20.000000  [SCRIPT  ][INFO][add_all_lua_path]end=======================================================
16:13:20.000000  [ERROR   ][world::init()]dostring error:../scripts/lualibs/mobdebug.lua:74: module 'socket' not found:
	no field package.preload['socket']
	no file 'E:\git_workspace\master_ahzs_server_win\bin\lua\socket.lua'
	no file 'E:\git_workspace\master_ahzs_server_win\bin\lua\socket\init.lua'
	no file 'E:\git_workspace\master_ahzs_server_win\bin\socket.lua'
	no file 'E:\git_workspace\master_ahzs_server_win\bin\socket\init.lua'
	no file '.\socket.lua'
	no file 'C:\Program Files (x86)\Lua\5.1\lua\socket.luac'
	no file '../scripts/cell/socket.lua'
	no file '../scripts/cell/socket.luac'
	no file '../scripts/common/socket.lua'
	no file '../scripts/common/socket.luac'
	no file '../scripts/common/data/socket.lua'
	no file '../scripts/common/data/socket.luac'
	no file '../scripts/cell/mgr/socket.lua'
	no file '../scripts/cell/mgr/socket.luac'
	no file '../scripts/cell/Skill/socket.lua'
	no file '../scripts/cell/Skill/socket.luac'
	no file '../scripts/ai/socket.lua'
	no file '../scripts/ai/socket.luac'
	no fileÌÌÌÌÝÌèKö9
